0 info it worked if it ends with ok
1 verbose cli [ '/home/leiko/.nvm/versions/node/v4.3.1/bin/node',
1 verbose cli   '/home/leiko/.nvm/versions/node/v4.3.1/bin/npm',
1 verbose cli   'run',
1 verbose cli   'browser' ]
2 info using npm@3.8.0
3 info using node@v4.3.1
4 verbose run-script [ 'prebrowser', 'browser', 'postbrowser' ]
5 info lifecycle kevoree-comp-consoleprinter@6.0.0-alpha~prebrowser: kevoree-comp-consoleprinter@6.0.0-alpha
6 silly lifecycle kevoree-comp-consoleprinter@6.0.0-alpha~prebrowser: no script for prebrowser, continuing
7 info lifecycle kevoree-comp-consoleprinter@6.0.0-alpha~browser: kevoree-comp-consoleprinter@6.0.0-alpha
8 verbose lifecycle kevoree-comp-consoleprinter@6.0.0-alpha~browser: unsafe-perm in lifecycle true
9 verbose lifecycle kevoree-comp-consoleprinter@6.0.0-alpha~browser: PATH: /home/leiko/.nvm/versions/node/v4.3.1/lib/node_modules/npm/bin/node-gyp-bin:/home/leiko/dev/kevoree/kevoree-js/libs/comps/consoleprinter/node_modules/.bin:/home/leiko/.nvm/versions/node/v4.3.1/bin:/home/leiko/.nvm/versions/node/v4.3.1/bin:/usr/local/sbin:/usr/local/bin:/usr/sbin:/usr/bin:/sbin:/bin:/home/leiko/Programs/haxe-3.1.3:/home/leiko/Programs/kevoree/bin:/home/leiko/Programs/crosswalk-11.40.277.7/bin:/usr/local/texlive/2015/bin/x86_64-linux
10 verbose lifecycle kevoree-comp-consoleprinter@6.0.0-alpha~browser: CWD: /home/leiko/dev/kevoree/kevoree-js/libs/comps/consoleprinter
11 silly lifecycle kevoree-comp-consoleprinter@6.0.0-alpha~browser: Args: [ '-c',
11 silly lifecycle   'webpack-dev-server --inline --content-base node_modules/kevoree-browser-testing' ]
12 silly lifecycle kevoree-comp-consoleprinter@6.0.0-alpha~browser: Returned: code: 1  signal: null
13 info lifecycle kevoree-comp-consoleprinter@6.0.0-alpha~browser: Failed to exec browser script
14 verbose stack Error: kevoree-comp-consoleprinter@6.0.0-alpha browser: `webpack-dev-server --inline --content-base node_modules/kevoree-browser-testing`
14 verbose stack Exit status 1
14 verbose stack     at EventEmitter.<anonymous> (/home/leiko/.nvm/versions/node/v4.3.1/lib/node_modules/npm/lib/utils/lifecycle.js:239:16)
14 verbose stack     at emitTwo (events.js:87:13)
14 verbose stack     at EventEmitter.emit (events.js:172:7)
14 verbose stack     at ChildProcess.<anonymous> (/home/leiko/.nvm/versions/node/v4.3.1/lib/node_modules/npm/lib/utils/spawn.js:24:14)
14 verbose stack     at emitTwo (events.js:87:13)
14 verbose stack     at ChildProcess.emit (events.js:172:7)
14 verbose stack     at maybeClose (internal/child_process.js:821:16)
14 verbose stack     at Process.ChildProcess._handle.onexit (internal/child_process.js:211:5)
15 verbose pkgid kevoree-comp-consoleprinter@6.0.0-alpha
16 verbose cwd /home/leiko/dev/kevoree/kevoree-js/libs/comps/consoleprinter
17 error Linux 3.16.0-38-generic
18 error argv "/home/leiko/.nvm/versions/node/v4.3.1/bin/node" "/home/leiko/.nvm/versions/node/v4.3.1/bin/npm" "run" "browser"
19 error node v4.3.1
20 error npm  v3.8.0
21 error code ELIFECYCLE
22 error kevoree-comp-consoleprinter@6.0.0-alpha browser: `webpack-dev-server --inline --content-base node_modules/kevoree-browser-testing`
22 error Exit status 1
23 error Failed at the kevoree-comp-consoleprinter@6.0.0-alpha browser script 'webpack-dev-server --inline --content-base node_modules/kevoree-browser-testing'.
23 error Make sure you have the latest version of node.js and npm installed.
23 error If you do, this is most likely a problem with the kevoree-comp-consoleprinter package,
23 error not with npm itself.
23 error Tell the author that this fails on your system:
23 error     webpack-dev-server --inline --content-base node_modules/kevoree-browser-testing
23 error You can get information on how to open an issue for this project with:
23 error     npm bugs kevoree-comp-consoleprinter
23 error Or if that isn't available, you can get their info via:
23 error     npm owner ls kevoree-comp-consoleprinter
23 error There is likely additional logging output above.
24 verbose exit [ 1, true ]
