0 info it worked if it ends with ok
1 verbose cli [ 'node',
1 verbose cli   '/home/leiko/Programs/nodejs/bin/npm',
1 verbose cli   'install',
1 verbose cli   'kevoree-node-fakenode@1.0.0',
1 verbose cli   '--prefix=/home/leiko/dev/kevoree/new-kevoree-js/runtimes/nodejs/.deployUnits' ]
2 info using npm@2.13.2
3 info using node@v0.12.7
4 verbose install initial load of /home/leiko/dev/kevoree/new-kevoree-js/runtimes/nodejs/.deployUnits/package.json
5 verbose installManyTop reading scoped package data from /home/leiko/dev/kevoree/new-kevoree-js/runtimes/nodejs/.deployUnits/node_modules/kevoree-node-javascript/package.json
6 verbose readDependencies loading dependencies from /home/leiko/dev/kevoree/new-kevoree-js/runtimes/nodejs/.deployUnits/package.json
7 silly cache add args [ 'kevoree-node-fakenode@1.0.0', null ]
8 verbose cache add spec kevoree-node-fakenode@1.0.0
9 silly cache add parsed spec { raw: 'kevoree-node-fakenode@1.0.0',
9 silly cache add   scope: null,
9 silly cache add   name: 'kevoree-node-fakenode',
9 silly cache add   rawSpec: '1.0.0',
9 silly cache add   spec: '1.0.0',
9 silly cache add   type: 'version' }
10 silly addNamed kevoree-node-fakenode@1.0.0
11 verbose addNamed "1.0.0" is a plain semver version for kevoree-node-fakenode
12 silly mapToRegistry name kevoree-node-fakenode
13 silly mapToRegistry using default registry
14 silly mapToRegistry registry https://registry.npmjs.org/
15 silly mapToRegistry uri https://registry.npmjs.org/kevoree-node-fakenode
16 verbose addNameVersion registry:https://registry.npmjs.org/kevoree-node-fakenode not in flight; fetching
17 verbose request uri https://registry.npmjs.org/kevoree-node-fakenode
18 verbose request no auth needed
19 info attempt registry request try #1 at 18:03:19
20 verbose request id 0ca39f2354665aa4
21 http request GET https://registry.npmjs.org/kevoree-node-fakenode
22 http 404 https://registry.npmjs.org/kevoree-node-fakenode
23 verbose headers { server: 'CouchDB/1.5.0 (Erlang OTP/R16B03)',
23 verbose headers   'content-type': 'application/json',
23 verbose headers   'cache-control': 'max-age=0',
23 verbose headers   'content-length': '51',
23 verbose headers   'accept-ranges': 'bytes',
23 verbose headers   date: 'Thu, 30 Jul 2015 16:03:26 GMT',
23 verbose headers   via: '1.1 varnish',
23 verbose headers   age: '0',
23 verbose headers   connection: 'keep-alive',
23 verbose headers   'x-served-by': 'cache-lhr6330-LHR',
23 verbose headers   'x-cache': 'MISS',
23 verbose headers   'x-cache-hits': '0',
23 verbose headers   'x-timer': 'S1438272206.642442,VS0,VE164' }
24 silly get cb [ 404,
24 silly get   { server: 'CouchDB/1.5.0 (Erlang OTP/R16B03)',
24 silly get     'content-type': 'application/json',
24 silly get     'cache-control': 'max-age=0',
24 silly get     'content-length': '51',
24 silly get     'accept-ranges': 'bytes',
24 silly get     date: 'Thu, 30 Jul 2015 16:03:26 GMT',
24 silly get     via: '1.1 varnish',
24 silly get     age: '0',
24 silly get     connection: 'keep-alive',
24 silly get     'x-served-by': 'cache-lhr6330-LHR',
24 silly get     'x-cache': 'MISS',
24 silly get     'x-cache-hits': '0',
24 silly get     'x-timer': 'S1438272206.642442,VS0,VE164' } ]
25 verbose stack Error: 404 Not Found: kevoree-node-fakenode
25 verbose stack     at CachingRegistryClient.<anonymous> (/home/leiko/Programs/nodejs/lib/node_modules/npm/node_modules/npm-registry-client/lib/request.js:245:14)
25 verbose stack     at Request._callback (/home/leiko/Programs/nodejs/lib/node_modules/npm/node_modules/npm-registry-client/lib/request.js:170:14)
25 verbose stack     at Request.self.callback (/home/leiko/Programs/nodejs/lib/node_modules/npm/node_modules/request/request.js:197:22)
25 verbose stack     at Request.emit (events.js:110:17)
25 verbose stack     at Request.<anonymous> (/home/leiko/Programs/nodejs/lib/node_modules/npm/node_modules/request/request.js:1050:14)
25 verbose stack     at Request.emit (events.js:129:20)
25 verbose stack     at IncomingMessage.<anonymous> (/home/leiko/Programs/nodejs/lib/node_modules/npm/node_modules/request/request.js:996:12)
25 verbose stack     at IncomingMessage.emit (events.js:129:20)
25 verbose stack     at _stream_readable.js:908:16
25 verbose stack     at process._tickCallback (node.js:355:11)
26 verbose statusCode 404
27 verbose pkgid kevoree-node-fakenode
28 verbose cwd /home/leiko/dev/kevoree/new-kevoree-js/runtimes/nodejs
29 error Linux 3.11.0-12-generic
30 error argv "node" "/home/leiko/Programs/nodejs/bin/npm" "install" "kevoree-node-fakenode@1.0.0" "--prefix=/home/leiko/dev/kevoree/new-kevoree-js/runtimes/nodejs/.deployUnits"
31 error node v0.12.7
32 error npm  v2.13.2
33 error code E404
34 error 404 Not Found: kevoree-node-fakenode
34 error 404
34 error 404 'kevoree-node-fakenode' is not in the npm registry.
34 error 404 You should bug the author to publish it (or use the name yourself!)
34 error 404
34 error 404 Note that you can also install from a
34 error 404 tarball, folder, http url, or git url.
35 verbose exit [ 1, true ]
